<?xml version="1.0" encoding="UTF-8"?>
<!-- Generated by org.testng.reporters.JUnitReportReporter -->
<testsuite hostname="LAPTOP-IVR6CHF7" failures="0" tests="1" name="testcases.LoginTest" time="2.847" errors="0" timestamp="2024-11-19T15:44:56 IST" skipped="0">
  <testcase classname="testcases.LoginTest" name="validLoginTest" time="2.847"/>
</testsuite> <!-- testcases.LoginTest -->
