<?xml version="1.0" encoding="UTF-8"?>
<!-- Generated by org.testng.reporters.JUnitReportReporter -->
<testsuite hostname="LAPTOP-IVR6CHF7" failures="0" tests="1" name="testcases.LoginTest2" time="2.845" errors="0" timestamp="2024-11-21T04:58:29 IST" skipped="0">
  <testcase classname="testcases.LoginTest2" name="validLoginTest" time="2.845"/>
</testsuite> <!-- testcases.LoginTest2 -->
